# JRE version: Java(TM) SE Runtime Environment 18.9 (11.0.20+9) (build 11.0.20+9-LTS-256)
# Java VM: Java HotSpot(TM) 64-Bit Server VM 18.9 (11.0.20+9-LTS-256, mixed mode, tiered, compressed oops, g1 gc, windows-amd64)
Heap:
 garbage-first heap   total 405504K, used 157859K [0x000000008ac00000, 0x0000000100000000)
  region size 1024K, 10 young (10240K), 10 survivors (10240K)
 Metaspace       used 49393K, capacity 50311K, committed 50608K, reserved 1095680K
  class space    used 4976K, capacity 5299K, committed 5376K, reserved 1048576K
GC Heap History (10 events):
Event: 15.098 GC heap after
{Heap after GC invocations=43 (full 0):
 garbage-first heap   total 342016K, used 149835K [0x000000008ac00000, 0x0000000100000000)
  region size 1024K, 9 young (9216K), 9 survivors (9216K)
 Metaspace       used 46663K, capacity 47520K, committed 47792K, reserved 1091584K
  class space    used 4785K, capacity 5086K, committed 5120K, reserved 1048576K
}
Event: 15.461 GC heap before
{Heap before GC invocations=43 (full 0):
 garbage-first heap   total 342016K, used 279883K [0x000000008ac00000, 0x0000000100000000)
  region size 1024K, 136 young (139264K), 9 survivors (9216K)
 Metaspace       used 46689K, capacity 47537K, committed 47792K, reserved 1091584K
  class space    used 4785K, capacity 5087K, committed 5120K, reserved 1048576K
}
Event: 15.474 GC heap after
{Heap after GC invocations=44 (full 0):
 garbage-first heap   total 342016K, used 149565K [0x000000008ac00000, 0x0000000100000000)
  region size 1024K, 9 young (9216K), 9 survivors (9216K)
 Metaspace       used 46689K, capacity 47537K, committed 47792K, reserved 1091584K
  class space    used 4785K, capacity 5087K, committed 5120K, reserved 1048576K
}
Event: 15.776 GC heap before
{Heap before GC invocations=44 (full 0):
 garbage-first heap   total 342016K, used 280637K [0x000000008ac00000, 0x0000000100000000)
  region size 1024K, 137 young (140288K), 9 survivors (9216K)
 Metaspace       used 46716K, capacity 47539K, committed 47792K, reserved 1091584K
  class space    used 4785K, capacity 5087K, committed 5120K, reserved 1048576K
}
Event: 15.784 GC heap after
{Heap after GC invocations=45 (full 0):
 garbage-first heap   total 342016K, used 148740K [0x000000008ac00000, 0x0000000100000000)
  region size 1024K, 8 young (8192K), 8 survivors (8192K)
 Metaspace       used 46716K, capacity 47539K, committed 47792K, reserved 1091584K
  class space    used 4785K, capacity 5087K, committed 5120K, reserved 1048576K
}
Event: 16.320 GC heap before
{Heap before GC invocations=45 (full 0):
 garbage-first heap   total 342016K, used 282884K [0x000000008ac00000, 0x0000000100000000)
  region size 1024K, 139 young (142336K), 8 survivors (8192K)
 Metaspace       used 48023K, capacity 48937K, committed 49072K, reserved 1093632K
  class space    used 4947K, capacity 5275K, committed 5376K, reserved 1048576K
}
Event: 16.328 GC heap after
{Heap after GC invocations=46 (full 0):
 garbage-first heap   total 342016K, used 148981K [0x000000008ac00000, 0x0000000100000000)
  region size 1024K, 8 young (8192K), 8 survivors (8192K)
 Metaspace       used 48023K, capacity 48937K, committed 49072K, reserved 1093632K
  class space    used 4947K, capacity 5275K, committed 5376K, reserved 1048576K
}
Event: 17.974 GC heap before
{Heap before GC invocations=46 (full 0):
 garbage-first heap   total 342016K, used 284149K [0x000000008ac00000, 0x0000000100000000)
  region size 1024K, 140 young (143360K), 8 survivors (8192K)
 Metaspace       used 49230K, capacity 50146K, committed 50352K, reserved 1093632K
  class space    used 4969K, capacity 5288K, committed 5376K, reserved 1048576K
}
Event: 17.986 GC heap after
{Heap after GC invocations=47 (full 0):
 garbage-first heap   total 342016K, used 152606K [0x000000008ac00000, 0x0000000100000000)
  region size 1024K, 12 young (12288K), 12 survivors (12288K)
 Metaspace       used 49230K, capacity 50146K, committed 50352K, reserved 1093632K
  class space    used 4969K, capacity 5288K, committed 5376K, reserved 1048576K
}
Event: 19.012 GC heap before
{Heap before GC invocations=47 (full 0):
 garbage-first heap   total 342016K, used 285726K [0x000000008ac00000, 0x0000000100000000)
  region size 1024K, 142 young (145408K), 12 survivors (12288K)
 Metaspace       used 49393K, capacity 50311K, committed 50608K, reserved 1095680K
  class space    used 4976K, capacity 5299K, committed 5376K, reserved 1048576K
}

