# JRE version: Java(TM) SE Runtime Environment 18.9 (11.0.20+9) (build 11.0.20+9-LTS-256)
# Java VM: Java HotSpot(TM) 64-Bit Server VM 18.9 (11.0.20+9-LTS-256, mixed mode, tiered, compressed oops, g1 gc, windows-amd64)
Heap:
 garbage-first heap   total 253952K, used 118979K [0x000000008ac00000, 0x0000000100000000)
  region size 1024K, 10 young (10240K), 10 survivors (10240K)
 Metaspace       used 39298K, capacity 40094K, committed 40240K, reserved 1085440K
  class space    used 3945K, capacity 4208K, committed 4224K, reserved 1048576K
GC Heap History (10 events):
Event: 10.340 GC heap after
{Heap after GC invocations=21 (full 0):
 garbage-first heap   total 210944K, used 92376K [0x000000008ac00000, 0x0000000100000000)
  region size 1024K, 5 young (5120K), 5 survivors (5120K)
 Metaspace       used 35545K, capacity 36268K, committed 36400K, reserved 1081344K
  class space    used 3619K, capacity 3848K, committed 3968K, reserved 1048576K
}
Event: 10.582 GC heap before
{Heap before GC invocations=21 (full 0):
 garbage-first heap   total 210944K, used 162008K [0x000000008ac00000, 0x0000000100000000)
  region size 1024K, 73 young (74752K), 5 survivors (5120K)
 Metaspace       used 35613K, capacity 36334K, committed 36656K, reserved 1081344K
  class space    used 3620K, capacity 3848K, committed 3968K, reserved 1048576K
}
Event: 10.590 GC heap after
{Heap after GC invocations=22 (full 0):
 garbage-first heap   total 210944K, used 94957K [0x000000008ac00000, 0x0000000100000000)
  region size 1024K, 7 young (7168K), 7 survivors (7168K)
 Metaspace       used 35613K, capacity 36334K, committed 36656K, reserved 1081344K
  class space    used 3620K, capacity 3848K, committed 3968K, reserved 1048576K
}
Event: 10.763 GC heap before
{Heap before GC invocations=22 (full 0):
 garbage-first heap   total 210944K, used 165613K [0x000000008ac00000, 0x0000000100000000)
  region size 1024K, 76 young (77824K), 7 survivors (7168K)
 Metaspace       used 35615K, capacity 36334K, committed 36656K, reserved 1081344K
  class space    used 3620K, capacity 3848K, committed 3968K, reserved 1048576K
}
Event: 10.771 GC heap after
{Heap after GC invocations=23 (full 0):
 garbage-first heap   total 210944K, used 95678K [0x000000008ac00000, 0x0000000100000000)
  region size 1024K, 6 young (6144K), 6 survivors (6144K)
 Metaspace       used 35615K, capacity 36334K, committed 36656K, reserved 1081344K
  class space    used 3620K, capacity 3848K, committed 3968K, reserved 1048576K
}
Event: 10.934 GC heap before
{Heap before GC invocations=23 (full 0):
 garbage-first heap   total 210944K, used 167358K [0x000000008ac00000, 0x0000000100000000)
  region size 1024K, 76 young (77824K), 6 survivors (6144K)
 Metaspace       used 35616K, capacity 36334K, committed 36656K, reserved 1081344K
  class space    used 3620K, capacity 3848K, committed 3968K, reserved 1048576K
}
Event: 10.939 GC heap after
{Heap after GC invocations=24 (full 0):
 garbage-first heap   total 210944K, used 95929K [0x000000008ac00000, 0x0000000100000000)
  region size 1024K, 6 young (6144K), 6 survivors (6144K)
 Metaspace       used 35616K, capacity 36334K, committed 36656K, reserved 1081344K
  class space    used 3620K, capacity 3848K, committed 3968K, reserved 1048576K
}
Event: 11.423 GC heap before
{Heap before GC invocations=24 (full 0):
 garbage-first heap   total 210944K, used 168633K [0x000000008ac00000, 0x0000000100000000)
  region size 1024K, 77 young (78848K), 6 survivors (6144K)
 Metaspace       used 39213K, capacity 39961K, committed 39984K, reserved 1085440K
  class space    used 3943K, capacity 4207K, committed 4224K, reserved 1048576K
}
Event: 11.431 GC heap after
{Heap after GC invocations=25 (full 0):
 garbage-first heap   total 210944K, used 99446K [0x000000008ac00000, 0x0000000100000000)
  region size 1024K, 9 young (9216K), 9 survivors (9216K)
 Metaspace       used 39213K, capacity 39961K, committed 39984K, reserved 1085440K
  class space    used 3943K, capacity 4207K, committed 4224K, reserved 1048576K
}
Event: 12.163 GC heap before
{Heap before GC invocations=25 (full 0):
 garbage-first heap   total 210944K, used 175222K [0x000000008ac00000, 0x0000000100000000)
  region size 1024K, 80 young (81920K), 9 survivors (9216K)
 Metaspace       used 39298K, capacity 40094K, committed 40240K, reserved 1085440K
  class space    used 3945K, capacity 4208K, committed 4224K, reserved 1048576K
}

